Epoch,Loss,Value
0,recon_loss,7286.569
0,kl_loss,6.0753
0,kl_loss_0,0.155
0,kl_loss_1,1.6118
0,kl_loss_2,0.6938
0,kl_loss_3,0.4784
0,kl_loss_4,0.2277
0,kl_loss_5,0.1213
0,kl_loss_6,0.1616
0,kl_loss_7,0.3295
0,kl_loss_8,0.247
0,kl_loss_9,2.0494
0,loss,7310.3862
1,recon_loss,5909.5938
1,kl_loss,7.5142
1,kl_loss_0,0.0556
1,kl_loss_1,0.9177
1,kl_loss_2,0.2174
1,kl_loss_3,2.673
1,kl_loss_4,0.0696
1,kl_loss_5,0.0396
1,kl_loss_6,0.0359
1,kl_loss_7,0.1248
1,kl_loss_8,0.0702
1,kl_loss_9,3.3104
1,loss,5939.6505
2,recon_loss,5776.499
2,kl_loss,9.4801
2,kl_loss_0,0.3058
2,kl_loss_1,0.1838
2,kl_loss_2,0.4562
2,kl_loss_3,2.9571
2,kl_loss_4,0.4578
2,kl_loss_5,1.3852
2,kl_loss_6,0.0754
2,kl_loss_7,0.0864
2,kl_loss_8,0.0973
2,kl_loss_9,3.4752
2,loss,5814.4194
3,recon_loss,5641.1694
3,kl_loss,11.3187
3,kl_loss_0,0.094
3,kl_loss_1,0.0731
3,kl_loss_2,1.0421
3,kl_loss_3,2.9332
3,kl_loss_4,0.8246
3,kl_loss_5,2.6528
3,kl_loss_6,0.0468
3,kl_loss_7,0.0448
3,kl_loss_8,0.0505
3,kl_loss_9,3.5568
3,loss,5686.4442
4,recon_loss,5449.5994
4,kl_loss,12.4481
4,kl_loss_0,0.2624
4,kl_loss_1,0.0472
4,kl_loss_2,1.9357
4,kl_loss_3,2.8205
4,kl_loss_4,1.1303
4,kl_loss_5,2.6564
4,kl_loss_6,0.039
4,kl_loss_7,0.0568
4,kl_loss_8,0.0346
4,kl_loss_9,3.4654
4,loss,5499.3918
5,recon_loss,5352.1635
5,kl_loss,13.9619
5,kl_loss_0,0.4991
5,kl_loss_1,0.0638
5,kl_loss_2,2.2707
5,kl_loss_3,2.7617
5,kl_loss_4,2.1889
5,kl_loss_5,2.6886
5,kl_loss_6,0.0222
5,kl_loss_7,0.0382
5,kl_loss_8,0.0261
5,kl_loss_9,3.4025
5,loss,5408.0109
6,recon_loss,5202.5168
6,kl_loss,13.926
6,kl_loss_0,0.0971
6,kl_loss_1,0.0367
6,kl_loss_2,2.348
6,kl_loss_3,2.7566
6,kl_loss_4,2.5382
6,kl_loss_5,2.6327
6,kl_loss_6,0.0246
6,kl_loss_7,0.0311
6,kl_loss_8,0.0301
6,kl_loss_9,3.4309
6,loss,5258.2207
7,recon_loss,5157.1138
7,kl_loss,14.3257
7,kl_loss_0,0.1312
7,kl_loss_1,0.0331
7,kl_loss_2,2.4204
7,kl_loss_3,2.8337
7,kl_loss_4,2.6254
7,kl_loss_5,2.6995
7,kl_loss_6,0.0213
7,kl_loss_7,0.0364
7,kl_loss_8,0.0459
7,kl_loss_9,3.4789
7,loss,5214.4164
8,recon_loss,5140.65
8,kl_loss,15.7253
8,kl_loss_0,1.3183
8,kl_loss_1,0.0337
8,kl_loss_2,2.459
8,kl_loss_3,2.8009
8,kl_loss_4,2.7226
8,kl_loss_5,2.7207
8,kl_loss_6,0.0358
8,kl_loss_7,0.0688
8,kl_loss_8,0.0627
8,kl_loss_9,3.5027
8,loss,5203.5512
9,recon_loss,5011.5934
9,kl_loss,16.2161
9,kl_loss_0,2.248
9,kl_loss_1,0.0178
9,kl_loss_2,2.3906
9,kl_loss_3,2.7961
9,kl_loss_4,2.6281
9,kl_loss_5,2.6308
9,kl_loss_6,0.0205
9,kl_loss_7,0.0291
9,kl_loss_8,0.0232
9,kl_loss_9,3.4319
9,loss,5076.4577
10,recon_loss,4995.9353
10,kl_loss,16.2259
10,kl_loss_0,2.2753
10,kl_loss_1,0.0259
10,kl_loss_2,2.4399
10,kl_loss_3,2.7673
10,kl_loss_4,2.6071
10,kl_loss_5,2.6177
10,kl_loss_6,0.0149
10,kl_loss_7,0.0155
10,kl_loss_8,0.0165
10,kl_loss_9,3.4457
10,loss,5060.8389
11,recon_loss,5003.3251
11,kl_loss,16.2834
11,kl_loss_0,2.2737
11,kl_loss_1,0.0144
11,kl_loss_2,2.4655
11,kl_loss_3,2.8086
11,kl_loss_4,2.6001
11,kl_loss_5,2.6514
11,kl_loss_6,0.0173
11,kl_loss_7,0.0169
11,kl_loss_8,0.0194
11,kl_loss_9,3.4162
11,loss,5068.4587
12,recon_loss,4999.7773
12,kl_loss,16.4745
12,kl_loss_0,2.4066
12,kl_loss_1,0.0144
12,kl_loss_2,2.4848
12,kl_loss_3,2.7652
12,kl_loss_4,2.6093
12,kl_loss_5,2.7018
12,kl_loss_6,0.0208
12,kl_loss_7,0.0142
12,kl_loss_8,0.0365
12,kl_loss_9,3.4209
12,loss,5065.6754
13,recon_loss,4987.4676
13,kl_loss,16.9254
13,kl_loss_0,2.3673
13,kl_loss_1,0.0127
13,kl_loss_2,2.518
13,kl_loss_3,2.7388
13,kl_loss_4,2.6659
13,kl_loss_5,2.659
13,kl_loss_6,0.178
13,kl_loss_7,0.0171
13,kl_loss_8,0.3756
13,kl_loss_9,3.393
13,loss,5055.1693
14,recon_loss,4923.413
14,kl_loss,18.3761
14,kl_loss_0,2.3911
14,kl_loss_1,0.0262
14,kl_loss_2,2.4537
14,kl_loss_3,2.8307
14,kl_loss_4,2.5626
14,kl_loss_5,2.7353
14,kl_loss_6,0.2182
14,kl_loss_7,0.019
14,kl_loss_8,1.759
14,kl_loss_9,3.3804
14,loss,4996.9175
15,recon_loss,4952.328
15,kl_loss,18.4503
15,kl_loss_0,2.4225
15,kl_loss_1,0.0195
15,kl_loss_2,2.4719
15,kl_loss_3,2.839
15,kl_loss_4,2.6206
15,kl_loss_5,2.643
15,kl_loss_6,0.0617
15,kl_loss_7,0.0189
15,kl_loss_8,1.9478
15,kl_loss_9,3.4055
15,loss,5026.1292
16,recon_loss,4935.0547
16,kl_loss,18.6182
16,kl_loss_0,2.4898
16,kl_loss_1,0.0221
16,kl_loss_2,2.474
16,kl_loss_3,2.8017
16,kl_loss_4,2.6056
16,kl_loss_5,2.7683
16,kl_loss_6,0.0304
16,kl_loss_7,0.015
16,kl_loss_8,1.9975
16,kl_loss_9,3.4139
16,loss,5009.5275
17,recon_loss,4888.7391
17,kl_loss,18.5124
17,kl_loss_0,2.4454
17,kl_loss_1,0.0192
17,kl_loss_2,2.4923
17,kl_loss_3,2.8153
17,kl_loss_4,2.5788
17,kl_loss_5,2.6705
17,kl_loss_6,0.0262
17,kl_loss_7,0.0162
17,kl_loss_8,2.033
17,kl_loss_9,3.4154
17,loss,4962.7885
18,recon_loss,4888.5634
18,kl_loss,18.6354
18,kl_loss_0,2.5435
18,kl_loss_1,0.0151
18,kl_loss_2,2.438
18,kl_loss_3,2.8288
18,kl_loss_4,2.6274
18,kl_loss_5,2.7298
18,kl_loss_6,0.0307
18,kl_loss_7,0.0197
18,kl_loss_8,1.9696
18,kl_loss_9,3.4329
18,loss,4963.1051
19,recon_loss,4872.7311
19,kl_loss,18.8246
19,kl_loss_0,2.5542
19,kl_loss_1,0.0169
19,kl_loss_2,2.4963
19,kl_loss_3,2.855
19,kl_loss_4,2.6482
19,kl_loss_5,2.7309
19,kl_loss_6,0.0495
19,kl_loss_7,0.0177
19,kl_loss_8,2.0722
19,kl_loss_9,3.3838
19,loss,4948.0295
20,recon_loss,4870.471
20,kl_loss,18.9203
20,kl_loss_0,2.4388
20,kl_loss_1,0.0258
20,kl_loss_2,2.4009
20,kl_loss_3,2.7377
20,kl_loss_4,2.6705
20,kl_loss_5,2.6585
20,kl_loss_6,0.6145
20,kl_loss_7,0.0202
20,kl_loss_8,2.0014
20,kl_loss_9,3.352
20,loss,4946.1523
21,recon_loss,4840.2429
21,kl_loss,20.3817
21,kl_loss_0,2.511
21,kl_loss_1,0.0187
21,kl_loss_2,2.4765
21,kl_loss_3,2.8165
21,kl_loss_4,2.6615
21,kl_loss_5,2.7359
21,kl_loss_6,1.7161
21,kl_loss_7,0.0193
21,kl_loss_8,2.0445
21,kl_loss_9,3.3817
21,loss,4921.7697
22,recon_loss,4821.0104
22,kl_loss,20.3762
22,kl_loss_0,2.4464
22,kl_loss_1,0.0179
22,kl_loss_2,2.478
22,kl_loss_3,2.8111
22,kl_loss_4,2.6374
22,kl_loss_5,2.6707
22,kl_loss_6,1.8405
22,kl_loss_7,0.0203
22,kl_loss_8,2.0592
22,kl_loss_9,3.3945
22,loss,4902.515
23,recon_loss,4842.0042
23,kl_loss,20.1646
23,kl_loss_0,2.4408
23,kl_loss_1,0.024
23,kl_loss_2,2.4522
23,kl_loss_3,2.7357
23,kl_loss_4,2.6567
23,kl_loss_5,2.652
23,kl_loss_6,1.826
23,kl_loss_7,0.0222
23,kl_loss_8,1.9955
23,kl_loss_9,3.3597
23,loss,4922.6627
24,recon_loss,4828.1222
24,kl_loss,20.7015
24,kl_loss_0,2.5471
24,kl_loss_1,0.0273
24,kl_loss_2,2.4495
24,kl_loss_3,2.8545
24,kl_loss_4,2.6344
24,kl_loss_5,2.7007
24,kl_loss_6,1.9424
24,kl_loss_7,0.0212
24,kl_loss_8,2.1265
24,kl_loss_9,3.3981
24,loss,4910.9284
25,recon_loss,4853.598
25,kl_loss,20.9771
25,kl_loss_0,2.5523
25,kl_loss_1,0.0295
25,kl_loss_2,2.5939
25,kl_loss_3,2.8561
25,kl_loss_4,2.6895
25,kl_loss_5,2.7155
25,kl_loss_6,1.9627
25,kl_loss_7,0.0452
25,kl_loss_8,2.1361
25,kl_loss_9,3.3962
25,loss,4937.5062
26,recon_loss,4778.244
26,kl_loss,21.2272
26,kl_loss_0,2.5057
26,kl_loss_1,0.0925
26,kl_loss_2,2.4737
26,kl_loss_3,2.7823
26,kl_loss_4,2.6079
26,kl_loss_5,2.6819
26,kl_loss_6,1.9143
26,kl_loss_7,0.679
26,kl_loss_8,2.0942
26,kl_loss_9,3.3957
26,loss,4863.1527
27,recon_loss,4751.2928
27,kl_loss,22.2873
27,kl_loss_0,2.4847
27,kl_loss_1,0.0472
27,kl_loss_2,2.4381
27,kl_loss_3,2.8085
27,kl_loss_4,2.6853
27,kl_loss_5,2.7105
27,kl_loss_6,1.9028
27,kl_loss_7,1.6956
27,kl_loss_8,2.0931
27,kl_loss_9,3.4214
27,loss,4840.4419
28,recon_loss,4723.1251
28,kl_loss,22.6497
28,kl_loss_0,2.5515
28,kl_loss_1,0.0393
28,kl_loss_2,2.5276
28,kl_loss_3,2.8738
28,kl_loss_4,2.6602
28,kl_loss_5,2.7163
28,kl_loss_6,1.9427
28,kl_loss_7,1.8269
28,kl_loss_8,2.0943
28,kl_loss_9,3.4171
28,loss,4813.7238
29,recon_loss,4719.2271
29,kl_loss,22.5449
29,kl_loss_0,2.4866
29,kl_loss_1,0.0363
29,kl_loss_2,2.5305
29,kl_loss_3,2.8218
29,kl_loss_4,2.6871
29,kl_loss_5,2.667
29,kl_loss_6,1.9388
29,kl_loss_7,1.8569
29,kl_loss_8,2.1142
29,kl_loss_9,3.4056
29,loss,4809.4067
30,recon_loss,4745.4725
30,kl_loss,22.4554
30,kl_loss_0,2.4773
30,kl_loss_1,0.0298
30,kl_loss_2,2.4667
30,kl_loss_3,2.8471
30,kl_loss_4,2.6544
30,kl_loss_5,2.7258
30,kl_loss_6,1.9491
30,kl_loss_7,1.8727
30,kl_loss_8,2.0716
30,kl_loss_9,3.3609
30,loss,4835.2942
31,recon_loss,4687.962
31,kl_loss,22.5834
31,kl_loss_0,2.5042
31,kl_loss_1,0.0759
31,kl_loss_2,2.4542
31,kl_loss_3,2.8082
31,kl_loss_4,2.6621
31,kl_loss_5,2.7202
31,kl_loss_6,1.9697
31,kl_loss_7,1.8578
31,kl_loss_8,2.1178
31,kl_loss_9,3.4133
31,loss,4778.2956
32,recon_loss,4740.2818
32,kl_loss,22.9946
32,kl_loss_0,2.5291
32,kl_loss_1,0.3615
32,kl_loss_2,2.4832
32,kl_loss_3,2.8144
32,kl_loss_4,2.6377
32,kl_loss_5,2.7579
32,kl_loss_6,2.0342
32,kl_loss_7,1.9177
32,kl_loss_8,2.0576
32,kl_loss_9,3.4012
32,loss,4832.2604
33,recon_loss,4730.2859
33,kl_loss,23.8934
33,kl_loss_0,2.4982
33,kl_loss_1,1.2381
33,kl_loss_2,2.5019
33,kl_loss_3,2.8561
33,kl_loss_4,2.7076
33,kl_loss_5,2.7711
33,kl_loss_6,1.9623
33,kl_loss_7,1.893
33,kl_loss_8,2.0564
33,kl_loss_9,3.4088
33,loss,4825.8594
34,recon_loss,4656.9218
34,kl_loss,24.2293
34,kl_loss_0,2.5032
34,kl_loss_1,1.4843
34,kl_loss_2,2.47
34,kl_loss_3,2.8623
34,kl_loss_4,2.6915
34,kl_loss_5,2.7274
34,kl_loss_6,1.9554
34,kl_loss_7,1.958
34,kl_loss_8,2.1857
34,kl_loss_9,3.3915
34,loss,4753.8389
35,recon_loss,4691.4285
35,kl_loss,24.3854
35,kl_loss_0,2.625
35,kl_loss_1,1.5373
35,kl_loss_2,2.4807
35,kl_loss_3,2.8042
35,kl_loss_4,2.6083
35,kl_loss_5,2.7494
35,kl_loss_6,2.0526
35,kl_loss_7,1.9641
35,kl_loss_8,2.153
35,kl_loss_9,3.4109
35,loss,4788.97
36,recon_loss,4650.6888
36,kl_loss,24.1511
36,kl_loss_0,2.5538
36,kl_loss_1,1.5592
36,kl_loss_2,2.4317
36,kl_loss_3,2.7991
36,kl_loss_4,2.6986
36,kl_loss_5,2.7009
36,kl_loss_6,1.9769
36,kl_loss_7,1.9949
36,kl_loss_8,2.1123
36,kl_loss_9,3.3236
36,loss,4747.2933
37,recon_loss,4697.9238
37,kl_loss,24.3562
37,kl_loss_0,2.5332
37,kl_loss_1,1.6762
37,kl_loss_2,2.4127
37,kl_loss_3,2.8609
37,kl_loss_4,2.6404
37,kl_loss_5,2.6958
37,kl_loss_6,2.018
37,kl_loss_7,2.0232
37,kl_loss_8,2.1047
37,kl_loss_9,3.391
37,loss,4795.3487
38,recon_loss,4668.0615
38,kl_loss,24.5672
38,kl_loss_0,2.5636
38,kl_loss_1,1.6688
38,kl_loss_2,2.5008
38,kl_loss_3,2.9028
38,kl_loss_4,2.729
38,kl_loss_5,2.7537
38,kl_loss_6,2.0216
38,kl_loss_7,1.9979
38,kl_loss_8,2.0422
38,kl_loss_9,3.3868
38,loss,4766.3302
39,recon_loss,4634.4906
39,kl_loss,24.1068
39,kl_loss_0,2.5016
39,kl_loss_1,1.6708
39,kl_loss_2,2.4545
39,kl_loss_3,2.8209
39,kl_loss_4,2.5959
39,kl_loss_5,2.6928
39,kl_loss_6,1.9537
39,kl_loss_7,1.9866
39,kl_loss_8,2.0413
39,kl_loss_9,3.3889
39,loss,4730.9179
40,recon_loss,4692.6297
40,kl_loss,24.5637
40,kl_loss_0,2.5503
40,kl_loss_1,1.7849
40,kl_loss_2,2.4818
40,kl_loss_3,2.8267
40,kl_loss_4,2.7084
40,kl_loss_5,2.7471
40,kl_loss_6,2.0179
40,kl_loss_7,1.9502
40,kl_loss_8,2.1231
40,kl_loss_9,3.3732
40,loss,4790.8844
41,recon_loss,4600.7588
41,kl_loss,24.6722
41,kl_loss_0,2.5652
41,kl_loss_1,1.7074
41,kl_loss_2,2.5168
41,kl_loss_3,2.8488
41,kl_loss_4,2.758
41,kl_loss_5,2.7435
41,kl_loss_6,2.024
41,kl_loss_7,2.0173
41,kl_loss_8,2.0689
41,kl_loss_9,3.4224
41,loss,4699.4478
42,recon_loss,4670.1499
42,kl_loss,24.7915
42,kl_loss_0,2.5554
42,kl_loss_1,1.7693
42,kl_loss_2,2.4672
42,kl_loss_3,2.8526
42,kl_loss_4,2.6644
42,kl_loss_5,2.7931
42,kl_loss_6,2.0451
42,kl_loss_7,2.0459
42,kl_loss_8,2.1501
42,kl_loss_9,3.4485
42,loss,4769.3161
43,recon_loss,4684.7397
43,kl_loss,24.538
43,kl_loss_0,2.5311
43,kl_loss_1,1.8075
43,kl_loss_2,2.5022
43,kl_loss_3,2.7587
43,kl_loss_4,2.7552
43,kl_loss_5,2.7282
43,kl_loss_6,2.0355
43,kl_loss_7,1.9824
43,kl_loss_8,2.0584
43,kl_loss_9,3.3787
43,loss,4782.8916
44,recon_loss,4622.768
44,kl_loss,24.8559
44,kl_loss_0,2.5727
44,kl_loss_1,1.863
44,kl_loss_2,2.57
44,kl_loss_3,2.8175
44,kl_loss_4,2.7028
44,kl_loss_5,2.6799
44,kl_loss_6,2.0486
44,kl_loss_7,2.0835
44,kl_loss_8,2.0748
44,kl_loss_9,3.4432
44,loss,4722.1917
45,recon_loss,4635.8118
45,kl_loss,24.9214
45,kl_loss_0,2.5914
45,kl_loss_1,1.8837
45,kl_loss_2,2.5026
45,kl_loss_3,2.8123
45,kl_loss_4,2.7184
45,kl_loss_5,2.783
45,kl_loss_6,2.0335
45,kl_loss_7,2.0921
45,kl_loss_8,2.0999
45,kl_loss_9,3.4046
45,loss,4735.4975
46,recon_loss,4678.1937
46,kl_loss,24.9272
46,kl_loss_0,2.6007
46,kl_loss_1,1.8591
46,kl_loss_2,2.5007
46,kl_loss_3,2.8409
46,kl_loss_4,2.721
46,kl_loss_5,2.7503
46,kl_loss_6,2.0532
46,kl_loss_7,2.0934
46,kl_loss_8,2.1038
46,kl_loss_9,3.404
46,loss,4777.9022
47,recon_loss,4669.5503
47,kl_loss,24.8089
47,kl_loss_0,2.6771
47,kl_loss_1,1.8537
47,kl_loss_2,2.535
47,kl_loss_3,2.8307
47,kl_loss_4,2.5969
47,kl_loss_5,2.7304
47,kl_loss_6,2.0364
47,kl_loss_7,2.0394
47,kl_loss_8,2.0997
47,kl_loss_9,3.4097
47,loss,4768.7858
48,recon_loss,4662.7413
48,kl_loss,24.9449
48,kl_loss_0,2.5235
48,kl_loss_1,1.9486
48,kl_loss_2,2.5448
48,kl_loss_3,2.8584
48,kl_loss_4,2.6986
48,kl_loss_5,2.7867
48,kl_loss_6,2.0059
48,kl_loss_7,2.0424
48,kl_loss_8,2.0669
48,kl_loss_9,3.4692
48,loss,4762.5208
49,recon_loss,4642.6029
49,kl_loss,24.6437
49,kl_loss_0,2.5639
49,kl_loss_1,1.8876
49,kl_loss_2,2.4791
49,kl_loss_3,2.7899
49,kl_loss_4,2.6519
49,kl_loss_5,2.7404
49,kl_loss_6,2.0288
49,kl_loss_7,2.0186
49,kl_loss_8,2.1204
49,kl_loss_9,3.3631
49,loss,4741.1776
50,recon_loss,4650.5993
50,kl_loss,24.9314
50,kl_loss_0,2.6114
50,kl_loss_1,1.8831
50,kl_loss_2,2.4531
50,kl_loss_3,2.8341
50,kl_loss_4,2.7484
50,kl_loss_5,2.7516
50,kl_loss_6,2.041
50,kl_loss_7,2.0522
50,kl_loss_8,2.1718
50,kl_loss_9,3.3846
50,loss,4750.325
51,recon_loss,4645.4285
51,kl_loss,24.7166
51,kl_loss_0,2.5908
51,kl_loss_1,1.8662
51,kl_loss_2,2.4918
51,kl_loss_3,2.8152
51,kl_loss_4,2.6498
51,kl_loss_5,2.7086
51,kl_loss_6,2.0495
51,kl_loss_7,2.0492
51,kl_loss_8,2.1745
51,kl_loss_9,3.3213
51,loss,4744.2948
52,recon_loss,4599.44
52,kl_loss,25.1625
52,kl_loss_0,2.6025
52,kl_loss_1,1.9139
52,kl_loss_2,2.569
52,kl_loss_3,2.8905
52,kl_loss_4,2.6954
52,kl_loss_5,2.7675
52,kl_loss_6,1.9941
52,kl_loss_7,2.1103
52,kl_loss_8,2.1909
52,kl_loss_9,3.4283
52,loss,4700.09
53,recon_loss,4646.9958
53,kl_loss,24.7411
53,kl_loss_0,2.6262
53,kl_loss_1,1.8788
53,kl_loss_2,2.4178
53,kl_loss_3,2.8241
53,kl_loss_4,2.6602
53,kl_loss_5,2.7931
53,kl_loss_6,2.0321
53,kl_loss_7,2.045
53,kl_loss_8,2.0786
53,kl_loss_9,3.3853
53,loss,4745.9603
54,recon_loss,4635.3174
54,kl_loss,25.1248
54,kl_loss_0,2.6254
54,kl_loss_1,1.9285
54,kl_loss_2,2.5076
54,kl_loss_3,2.8429
54,kl_loss_4,2.769
54,kl_loss_5,2.7781
54,kl_loss_6,2.0368
54,kl_loss_7,2.0771
54,kl_loss_8,2.146
54,kl_loss_9,3.4134
54,loss,4735.8165
55,recon_loss,4620.8567
55,kl_loss,24.9122
55,kl_loss_0,2.6034
55,kl_loss_1,1.8907
55,kl_loss_2,2.5524
55,kl_loss_3,2.7972
55,kl_loss_4,2.6745
55,kl_loss_5,2.7775
55,kl_loss_6,1.9855
55,kl_loss_7,2.0852
55,kl_loss_8,2.1821
55,kl_loss_9,3.3637
55,loss,4720.5057
56,recon_loss,4636.5672
56,kl_loss,25.0846
56,kl_loss_0,2.6637
56,kl_loss_1,1.9054
56,kl_loss_2,2.5199
56,kl_loss_3,2.8318
56,kl_loss_4,2.6898
56,kl_loss_5,2.8162
56,kl_loss_6,2.1172
56,kl_loss_7,2.0593
56,kl_loss_8,2.0774
56,kl_loss_9,3.4039
56,loss,4736.9057
57,recon_loss,4623.6424
57,kl_loss,25.1291
57,kl_loss_0,2.6293
57,kl_loss_1,1.9863
57,kl_loss_2,2.5127
57,kl_loss_3,2.8528
57,kl_loss_4,2.6935
57,kl_loss_5,2.7198
57,kl_loss_6,2.0772
57,kl_loss_7,2.1071
57,kl_loss_8,2.1787
57,kl_loss_9,3.3717
57,loss,4724.159
58,recon_loss,4642.4936
58,kl_loss,25.3088
58,kl_loss_0,2.6601
58,kl_loss_1,2.0011
58,kl_loss_2,2.4804
58,kl_loss_3,2.8447
58,kl_loss_4,2.7354
58,kl_loss_5,2.8102
58,kl_loss_6,2.1131
58,kl_loss_7,2.049
58,kl_loss_8,2.1845
58,kl_loss_9,3.4304
58,loss,4743.7287
59,recon_loss,4678.4454
59,kl_loss,25.1131
59,kl_loss_0,2.603
59,kl_loss_1,1.9387
59,kl_loss_2,2.509
59,kl_loss_3,2.8387
59,kl_loss_4,2.7227
59,kl_loss_5,2.737
59,kl_loss_6,2.0904
59,kl_loss_7,2.099
59,kl_loss_8,2.162
59,kl_loss_9,3.4126
59,loss,4778.8979
60,recon_loss,4588.1063
60,kl_loss,25.2084
60,kl_loss_0,2.6513
60,kl_loss_1,1.9733
60,kl_loss_2,2.4737
60,kl_loss_3,2.8457
60,kl_loss_4,2.6942
60,kl_loss_5,2.7994
60,kl_loss_6,2.1123
60,kl_loss_7,2.0479
60,kl_loss_8,2.1886
60,kl_loss_9,3.422
60,loss,4688.9398
61,recon_loss,4619.4728
61,kl_loss,25.2025
61,kl_loss_0,2.6882
61,kl_loss_1,2.01
61,kl_loss_2,2.5384
61,kl_loss_3,2.8126
61,kl_loss_4,2.7154
61,kl_loss_5,2.7551
61,kl_loss_6,2.0807
61,kl_loss_7,2.083
61,kl_loss_8,2.1006
61,kl_loss_9,3.4186
61,loss,4720.2827
62,recon_loss,4589.3112
62,kl_loss,25.4104
62,kl_loss_0,2.657
62,kl_loss_1,1.9816
62,kl_loss_2,2.531
62,kl_loss_3,2.8797
62,kl_loss_4,2.7287
62,kl_loss_5,2.8171
62,kl_loss_6,2.125
62,kl_loss_7,2.105
62,kl_loss_8,2.1712
62,kl_loss_9,3.414
62,loss,4690.9529
63,recon_loss,4615.2943
63,kl_loss,25.1203
63,kl_loss_0,2.6544
63,kl_loss_1,1.9569
63,kl_loss_2,2.556
63,kl_loss_3,2.8088
63,kl_loss_4,2.728
63,kl_loss_5,2.7833
63,kl_loss_6,2.0949
63,kl_loss_7,2.0539
63,kl_loss_8,2.1102
63,kl_loss_9,3.3739
63,loss,4715.7755
64,recon_loss,4673.4251
64,kl_loss,24.8171
64,kl_loss_0,2.6058
64,kl_loss_1,1.9404
64,kl_loss_2,2.4756
64,kl_loss_3,2.787
64,kl_loss_4,2.6761
64,kl_loss_5,2.7131
64,kl_loss_6,2.0943
64,kl_loss_7,2.0484
64,kl_loss_8,2.1211
64,kl_loss_9,3.3553
64,loss,4772.6937
65,recon_loss,4629.4097
65,kl_loss,25.6811
65,kl_loss_0,2.6799
65,kl_loss_1,1.9981
65,kl_loss_2,2.56
65,kl_loss_3,2.973
65,kl_loss_4,2.7749
65,kl_loss_5,2.8375
65,kl_loss_6,2.1003
65,kl_loss_7,2.073
65,kl_loss_8,2.2306
65,kl_loss_9,3.4537
65,loss,4732.1343
66,recon_loss,4627.5798
66,kl_loss,25.3508
66,kl_loss_0,2.7052
66,kl_loss_1,1.979
66,kl_loss_2,2.5706
66,kl_loss_3,2.8757
66,kl_loss_4,2.7607
66,kl_loss_5,2.7977
66,kl_loss_6,2.0698
66,kl_loss_7,2.006
66,kl_loss_8,2.1883
66,kl_loss_9,3.3976
66,loss,4728.983
67,recon_loss,4656.202
67,kl_loss,25.0201
67,kl_loss_0,2.603
67,kl_loss_1,1.9577
67,kl_loss_2,2.5155
67,kl_loss_3,2.8099
67,kl_loss_4,2.7436
67,kl_loss_5,2.7624
67,kl_loss_6,2.0929
67,kl_loss_7,2.0408
67,kl_loss_8,2.1378
67,kl_loss_9,3.3565
67,loss,4756.2825
68,recon_loss,4666.4583
68,kl_loss,25.309
68,kl_loss_0,2.6996
68,kl_loss_1,1.9955
68,kl_loss_2,2.5069
68,kl_loss_3,2.8407
68,kl_loss_4,2.7397
68,kl_loss_5,2.7688
68,kl_loss_6,2.1208
68,kl_loss_7,2.1213
68,kl_loss_8,2.1218
68,kl_loss_9,3.3939
68,loss,4767.6945
69,recon_loss,4639.8794
69,kl_loss,25.1516
69,kl_loss_0,2.6127
69,kl_loss_1,1.9692
69,kl_loss_2,2.4819
69,kl_loss_3,2.8803
69,kl_loss_4,2.7427
69,kl_loss_5,2.7889
69,kl_loss_6,2.1227
69,kl_loss_7,2.0458
69,kl_loss_8,2.1104
69,kl_loss_9,3.3971
69,loss,4740.4859
70,recon_loss,4641.1806
70,kl_loss,25.2953
70,kl_loss_0,2.6413
70,kl_loss_1,1.9743
70,kl_loss_2,2.6278
70,kl_loss_3,2.8225
70,kl_loss_4,2.6996
70,kl_loss_5,2.8019
70,kl_loss_6,2.1072
70,kl_loss_7,2.0748
70,kl_loss_8,2.1064
70,kl_loss_9,3.4394
70,loss,4742.3616
71,recon_loss,4624.4122
71,kl_loss,24.786
71,kl_loss_0,2.6041
71,kl_loss_1,1.9621
71,kl_loss_2,2.4501
71,kl_loss_3,2.8166
71,kl_loss_4,2.6581
71,kl_loss_5,2.7498
71,kl_loss_6,2.045
71,kl_loss_7,2.0379
71,kl_loss_8,2.0917
71,kl_loss_9,3.3706
71,loss,4723.5562
72,recon_loss,4598.7717
72,kl_loss,24.825
72,kl_loss_0,2.6387
72,kl_loss_1,1.929
72,kl_loss_2,2.4723
72,kl_loss_3,2.8311
72,kl_loss_4,2.6658
72,kl_loss_5,2.7003
72,kl_loss_6,2.0671
72,kl_loss_7,2.0908
72,kl_loss_8,2.0891
72,kl_loss_9,3.3408
72,loss,4698.0717
73,recon_loss,4622.7135
73,kl_loss,25.1361
73,kl_loss_0,2.6676
73,kl_loss_1,1.9901
73,kl_loss_2,2.505
73,kl_loss_3,2.8666
73,kl_loss_4,2.6613
73,kl_loss_5,2.7519
73,kl_loss_6,2.1103
73,kl_loss_7,2.0766
73,kl_loss_8,2.1396
73,kl_loss_9,3.3672
73,loss,4723.258
74,recon_loss,4633.5828
74,kl_loss,25.4245
74,kl_loss_0,2.6184
74,kl_loss_1,2.0306
74,kl_loss_2,2.4882
74,kl_loss_3,2.8919
74,kl_loss_4,2.738
74,kl_loss_5,2.8698
74,kl_loss_6,2.0822
74,kl_loss_7,2.1077
74,kl_loss_8,2.1818
74,kl_loss_9,3.4158
74,loss,4735.2807
75,recon_loss,4628.1183
75,kl_loss,25.4165
75,kl_loss_0,2.6698
75,kl_loss_1,1.9545
75,kl_loss_2,2.5736
75,kl_loss_3,2.8697
75,kl_loss_4,2.8454
75,kl_loss_5,2.8101
75,kl_loss_6,2.0666
75,kl_loss_7,2.0862
75,kl_loss_8,2.1323
75,kl_loss_9,3.4084
75,loss,4729.7845
76,recon_loss,4629.6521
76,kl_loss,25.3344
76,kl_loss_0,2.6784
76,kl_loss_1,1.9444
76,kl_loss_2,2.5691
76,kl_loss_3,2.8455
76,kl_loss_4,2.7319
76,kl_loss_5,2.8265
76,kl_loss_6,2.0764
76,kl_loss_7,2.0849
76,kl_loss_8,2.1661
76,kl_loss_9,3.4114
76,loss,4730.9899
77,recon_loss,4631.594
77,kl_loss,25.315
77,kl_loss_0,2.6429
77,kl_loss_1,2.0
77,kl_loss_2,2.4935
77,kl_loss_3,2.8352
77,kl_loss_4,2.69
77,kl_loss_5,2.8456
77,kl_loss_6,2.1445
77,kl_loss_7,2.097
77,kl_loss_8,2.1195
77,kl_loss_9,3.4468
77,loss,4732.8539
78,recon_loss,4660.6987
78,kl_loss,25.3186
78,kl_loss_0,2.7385
78,kl_loss_1,2.0061
78,kl_loss_2,2.5488
78,kl_loss_3,2.8113
78,kl_loss_4,2.7045
78,kl_loss_5,2.7862
78,kl_loss_6,2.1202
78,kl_loss_7,2.0855
78,kl_loss_8,2.1354
78,kl_loss_9,3.3821
78,loss,4761.9732
79,recon_loss,4632.5846
79,kl_loss,25.3976
79,kl_loss_0,2.647
79,kl_loss_1,1.9837
79,kl_loss_2,2.5627
79,kl_loss_3,2.9052
79,kl_loss_4,2.7616
79,kl_loss_5,2.7808
79,kl_loss_6,2.0895
79,kl_loss_7,2.1106
79,kl_loss_8,2.1371
79,kl_loss_9,3.4194
79,loss,4734.1751
80,recon_loss,4596.2462
80,kl_loss,25.0655
80,kl_loss_0,2.6716
80,kl_loss_1,1.9314
80,kl_loss_2,2.5159
80,kl_loss_3,2.8515
80,kl_loss_4,2.736
80,kl_loss_5,2.7103
80,kl_loss_6,2.0929
80,kl_loss_7,2.0407
80,kl_loss_8,2.1403
80,kl_loss_9,3.375
80,loss,4696.508
81,recon_loss,4634.7289
81,kl_loss,25.0664
81,kl_loss_0,2.6283
81,kl_loss_1,1.9254
81,kl_loss_2,2.5412
81,kl_loss_3,2.8297
81,kl_loss_4,2.6813
81,kl_loss_5,2.7387
81,kl_loss_6,2.0606
81,kl_loss_7,2.0502
81,kl_loss_8,2.1768
81,kl_loss_9,3.4344
81,loss,4734.9945
82,recon_loss,4633.9585
82,kl_loss,25.2765
82,kl_loss_0,2.6418
82,kl_loss_1,1.9849
82,kl_loss_2,2.5738
82,kl_loss_3,2.8524
82,kl_loss_4,2.6774
82,kl_loss_5,2.8138
82,kl_loss_6,2.1021
82,kl_loss_7,2.0552
82,kl_loss_8,2.1357
82,kl_loss_9,3.4393
82,loss,4735.0644
83,recon_loss,4610.7352
83,kl_loss,25.6202
83,kl_loss_0,2.7214
83,kl_loss_1,1.9891
83,kl_loss_2,2.6153
83,kl_loss_3,2.9304
83,kl_loss_4,2.7548
83,kl_loss_5,2.7711
83,kl_loss_6,2.1807
83,kl_loss_7,2.08
83,kl_loss_8,2.1457
83,kl_loss_9,3.4319
83,loss,4713.2162
84,recon_loss,4615.9786
84,kl_loss,25.1818
84,kl_loss_0,2.6675
84,kl_loss_1,1.9401
84,kl_loss_2,2.4896
84,kl_loss_3,2.9098
84,kl_loss_4,2.7031
84,kl_loss_5,2.7731
84,kl_loss_6,2.0936
84,kl_loss_7,2.0363
84,kl_loss_8,2.2051
84,kl_loss_9,3.3635
84,loss,4716.7057
85,recon_loss,4634.3949
85,kl_loss,25.1904
85,kl_loss_0,2.7063
85,kl_loss_1,1.9809
85,kl_loss_2,2.5377
85,kl_loss_3,2.8171
85,kl_loss_4,2.6977
85,kl_loss_5,2.7737
85,kl_loss_6,2.0984
85,kl_loss_7,2.0492
85,kl_loss_8,2.1436
85,kl_loss_9,3.3859
85,loss,4735.1563
86,recon_loss,4700.0087
86,kl_loss,25.2287
86,kl_loss_0,2.6411
86,kl_loss_1,1.9622
86,kl_loss_2,2.4997
86,kl_loss_3,2.8488
86,kl_loss_4,2.7114
86,kl_loss_5,2.8327
86,kl_loss_6,2.074
86,kl_loss_7,2.0975
86,kl_loss_8,2.1507
86,kl_loss_9,3.4106
86,loss,4800.9236
87,recon_loss,4614.1663
87,kl_loss,25.5208
87,kl_loss_0,2.7332
87,kl_loss_1,2.0174
87,kl_loss_2,2.5289
87,kl_loss_3,2.8434
87,kl_loss_4,2.7374
87,kl_loss_5,2.8129
87,kl_loss_6,2.1118
87,kl_loss_7,2.1491
87,kl_loss_8,2.185
87,kl_loss_9,3.4018
87,loss,4716.2496
88,recon_loss,4638.3501
88,kl_loss,25.1704
88,kl_loss_0,2.6796
88,kl_loss_1,1.9512
88,kl_loss_2,2.5804
88,kl_loss_3,2.8359
88,kl_loss_4,2.7535
88,kl_loss_5,2.7933
88,kl_loss_6,2.0338
88,kl_loss_7,2.0435
88,kl_loss_8,2.1534
88,kl_loss_9,3.3458
88,loss,4739.0318
89,recon_loss,4597.0101
89,kl_loss,25.5119
89,kl_loss_0,2.6983
89,kl_loss_1,2.0442
89,kl_loss_2,2.5218
89,kl_loss_3,2.8498
89,kl_loss_4,2.7635
89,kl_loss_5,2.8064
89,kl_loss_6,2.1662
89,kl_loss_7,2.065
89,kl_loss_8,2.1594
89,kl_loss_9,3.4373
89,loss,4699.0576
90,recon_loss,4643.2662
90,kl_loss,25.4603
90,kl_loss_0,2.6486
90,kl_loss_1,1.979
90,kl_loss_2,2.626
90,kl_loss_3,2.8499
90,kl_loss_4,2.6978
90,kl_loss_5,2.8259
90,kl_loss_6,2.137
90,kl_loss_7,2.0641
90,kl_loss_8,2.1744
90,kl_loss_9,3.4575
90,loss,4745.1073
91,recon_loss,4657.7274
91,kl_loss,25.0219
91,kl_loss_0,2.6344
91,kl_loss_1,1.96
91,kl_loss_2,2.5056
91,kl_loss_3,2.8116
91,kl_loss_4,2.7121
91,kl_loss_5,2.8016
91,kl_loss_6,2.091
91,kl_loss_7,2.0406
91,kl_loss_8,2.1185
91,kl_loss_9,3.3466
91,loss,4757.8152
92,recon_loss,4586.1617
92,kl_loss,25.2067
92,kl_loss_0,2.7056
92,kl_loss_1,1.9465
92,kl_loss_2,2.5298
92,kl_loss_3,2.8455
92,kl_loss_4,2.7084
92,kl_loss_5,2.731
92,kl_loss_6,2.1183
92,kl_loss_7,2.0861
92,kl_loss_8,2.1387
92,kl_loss_9,3.3967
92,loss,4686.9884
93,recon_loss,4637.5466
93,kl_loss,25.3987
93,kl_loss_0,2.6823
93,kl_loss_1,1.9739
93,kl_loss_2,2.548
93,kl_loss_3,2.835
93,kl_loss_4,2.6955
93,kl_loss_5,2.7681
93,kl_loss_6,2.1581
93,kl_loss_7,2.0589
93,kl_loss_8,2.1978
93,kl_loss_9,3.4811
93,loss,4739.1414
94,recon_loss,4604.7818
94,kl_loss,25.54
94,kl_loss_0,2.6709
94,kl_loss_1,2.0281
94,kl_loss_2,2.5448
94,kl_loss_3,2.8842
94,kl_loss_4,2.6948
94,kl_loss_5,2.8548
94,kl_loss_6,2.1578
94,kl_loss_7,2.0948
94,kl_loss_8,2.1722
94,kl_loss_9,3.4377
94,loss,4706.9418
95,recon_loss,4647.2832
95,kl_loss,25.6215
95,kl_loss_0,2.6797
95,kl_loss_1,2.041
95,kl_loss_2,2.5912
95,kl_loss_3,2.8601
95,kl_loss_4,2.7815
95,kl_loss_5,2.8542
95,kl_loss_6,2.1097
95,kl_loss_7,2.1039
95,kl_loss_8,2.1959
95,kl_loss_9,3.4043
95,loss,4749.7693
96,recon_loss,4648.2568
96,kl_loss,25.7235
96,kl_loss_0,2.7271
96,kl_loss_1,1.9825
96,kl_loss_2,2.5672
96,kl_loss_3,2.8353
96,kl_loss_4,2.767
96,kl_loss_5,2.8486
96,kl_loss_6,2.1472
96,kl_loss_7,2.1273
96,kl_loss_8,2.1912
96,kl_loss_9,3.5301
96,loss,4751.1508
97,recon_loss,4617.9096
97,kl_loss,25.6455
97,kl_loss_0,2.7028
97,kl_loss_1,2.021
97,kl_loss_2,2.5601
97,kl_loss_3,2.8857
97,kl_loss_4,2.7762
97,kl_loss_5,2.8156
97,kl_loss_6,2.1819
97,kl_loss_7,2.1101
97,kl_loss_8,2.13
97,kl_loss_9,3.4622
97,loss,4720.4917
98,recon_loss,4640.3799
98,kl_loss,25.5547
98,kl_loss_0,2.7016
98,kl_loss_1,2.024
98,kl_loss_2,2.5614
98,kl_loss_3,2.9185
98,kl_loss_4,2.6785
98,kl_loss_5,2.813
98,kl_loss_6,2.1231
98,kl_loss_7,2.0702
98,kl_loss_8,2.2029
98,kl_loss_9,3.4615
98,loss,4742.5985
99,recon_loss,4610.4025
99,kl_loss,25.5997
99,kl_loss_0,2.6714
99,kl_loss_1,2.028
99,kl_loss_2,2.5596
99,kl_loss_3,2.896
99,kl_loss_4,2.755
99,kl_loss_5,2.8351
99,kl_loss_6,2.1021
99,kl_loss_7,2.1124
99,kl_loss_8,2.1827
99,kl_loss_9,3.4573
99,loss,4712.8013
